<?xml version="1.0" encoding="UTF-8"?>
<testsuite xmlns:xsi="http://www.w3.org/2001/XMLSchema-instance" xsi:noNamespaceSchemaLocation="https://maven.apache.org/surefire/maven-surefire-plugin/xsd/surefire-test-report.xsd" version="3.0.2" name="com.example.crud.ProductControllerTest" time="24.992" tests="6" errors="0" skipped="0" failures="0">
  <properties>
[...]
</properties>
  <testcase name="getAllProducts_returnsOk" classname="com.example.crud.ProductControllerTest" time="3.886">
    <system-out><![CDATA[10:13:52.505 [main] INFO org.springframework.test.context.support.AnnotationConfigContextLoaderUtils -- Could not detect default configuration classes for test class [com.example.crud.ProductControllerTest]: ProductControllerTest does not declare any static, non-private, non-final, nested classes annotated with @Configuration.
10:13:52.981 [main] INFO org.springframework.boot.test.context.SpringBootTestContextBootstrapper -- Found @SpringBootConfiguration com.example.crud.CrudApplication for test class com.example.crud.ProductControllerTest

  .   ____          _            __ _ _
 /\\ / ___'_ __ _ _(_)_ __  __ _ \ \ \ \
( ( )\___ | '_ | '_| | '_ \/ _` | \ \ \ \
 \\/  ___)| |_)| | | | | || (_| |  ) ) ) )
  '  |____| .__|_| |_|_| |_\__, | / / / /
 =========|_|==============|___/=/_/_/_/

 :: Spring Boot ::                (v4.0.0)

2026-09-19T10:13:54.418+05:30  INFO 34060 --- [spring-boot-crud] [           main] com.example.crud.ProductControllerTest   : Starting ProductControllerTest using Java 26.0.1 with PID 34060 (started by partha.mondal in C:\Users\partha.mondal\Workspace\spring-boot-crud)
2026-09-19T10:13:54.425+05:30  INFO 34060 --- [spring-boot-crud] [           main] com.example.crud.ProductControllerTest   : No active profile set, falling back to 1 default profile: "default"
2026-09-19T10:13:57.816+05:30  INFO 34060 --- [spring-boot-crud] [           main] .s.d.r.c.RepositoryConfigurationDelegate : Bootstrapping Spring Data JPA repositories in DEFAULT mode.
2026-09-19T10:13:58.066+05:30  INFO 34060 --- [spring-boot-crud] [           main] .s.d.r.c.RepositoryConfigurationDelegate : Finished Spring Data repository scanning in 200 ms. Found 1 JPA repository interface.
2026-09-19T10:13:59.436+05:30  INFO 34060 --- [spring-boot-crud] [           main] o.hibernate.jpa.internal.util.LogHelper  : HHH000204: Processing PersistenceUnitInfo [name: default]
2026-09-19T10:13:59.715+05:30  INFO 34060 --- [spring-boot-crud] [           main] org.hibernate.Version                    : HHH000412: Hibernate ORM core version 7.1.8.Final
2026-09-19T10:14:01.852+05:30  INFO 34060 --- [spring-boot-crud] [           main] o.s.o.j.p.SpringPersistenceUnitInfo      : No LoadTimeWeaver setup: ignoring JPA class transformer
2026-09-19T10:14:01.954+05:30  INFO 34060 --- [spring-boot-crud] [           main] com.zaxxer.hikari.HikariDataSource       : HikariPool-1 - Starting...
2026-09-19T10:14:02.616+05:30  INFO 34060 --- [spring-boot-crud] [           main] com.zaxxer.hikari.pool.HikariPool        : HikariPool-1 - Added connection conn0: url=jdbc:h2:mem:cruddb user=SA
2026-09-19T10:14:02.624+05:30  INFO 34060 --- [spring-boot-crud] [           main] com.zaxxer.hikari.HikariDataSource       : HikariPool-1 - Start completed.
2026-09-19T10:14:02.701+05:30  WARN 34060 --- [spring-boot-crud] [           main] org.hibernate.orm.deprecation            : HHH90000025: H2Dialect does not need to be specified explicitly using 'hibernate.dialect' (remove the property setting and it will be selected by default)
2026-09-19T10:14:02.814+05:30  INFO 34060 --- [spring-boot-crud] [           main] org.hibernate.orm.connections.pooling    : HHH10001005: Database info:
	Database JDBC URL [jdbc:h2:mem:cruddb]
	Database driver: H2 JDBC Driver
	Database dialect: H2Dialect
	Database version: 2.4.240
	Default catalog/schema: CRUDDB/PUBLIC
	Autocommit mode: undefined/unknown
	Isolation level: READ_COMMITTED [default READ_COMMITTED]
	JDBC fetch size: 100
	Pool: DatasourceConnectionProviderImpl
	Minimum pool size: undefined/unknown
	Maximum pool size: undefined/unknown
2026-09-19T10:14:06.467+05:30  INFO 34060 --- [spring-boot-crud] [           main] o.h.e.t.j.p.i.JtaPlatformInitiator       : HHH000489: No JTA platform available (set 'hibernate.transaction.jta.platform' to enable JTA platform integration)
Hibernate: 
    drop table if exists products cascade 
Hibernate: 
    create table products (
        price numeric(10,2) not null,
        quantity integer not null check ((quantity>=0)),
        created_at timestamp(6),
        id bigint generated by default as identity,
        updated_at timestamp(6),
        name varchar(100) not null,
        description varchar(500),
        primary key (id)
    )
2026-09-19T10:14:06.640+05:30  INFO 34060 --- [spring-boot-crud] [           main] j.LocalContainerEntityManagerFactoryBean : Initialized JPA EntityManagerFactory for persistence unit 'default'
2026-09-19T10:14:07.034+05:30  INFO 34060 --- [spring-boot-crud] [           main] o.s.d.j.r.query.QueryEnhancerFactories   : Hibernate is in classpath; If applicable, HQL parser will be used.
2026-09-19T10:14:08.736+05:30  WARN 34060 --- [spring-boot-crud] [           main] JpaBaseConfiguration$JpaWebConfiguration : spring.jpa.open-in-view is enabled by default. Therefore, database queries may be performed during view rendering. Explicitly configure spring.jpa.open-in-view to disable this warning
2026-09-19T10:14:12.022+05:30  INFO 34060 --- [spring-boot-crud] [           main] com.example.crud.ProductControllerTest   : Started ProductControllerTest in 18.501 seconds (process running for 22.755)
2026-09-19T10:14:12.058+05:30  WARN 34060 --- [spring-boot-crud] [           main] o.s.core.events.SpringDocAppInitializer  : SpringDoc /v3/api-docs endpoint is enabled by default. To disable it in production, set the property 'springdoc.api-docs.enabled=false'
2026-09-19T10:14:12.058+05:30  WARN 34060 --- [spring-boot-crud] [           main] o.s.core.events.SpringDocAppInitializer  : SpringDoc /swagger-ui.html endpoint is enabled by default. To disable it in production, set the property 'springdoc.swagger-ui.enabled=false'
2026-09-19T10:14:14.318+05:30  INFO 34060 --- [spring-boot-crud] [           main] o.s.b.t.m.w.SpringBootMockServletContext : Initializing Spring TestDispatcherServlet ''
2026-09-19T10:14:14.318+05:30  INFO 34060 --- [spring-boot-crud] [           main] o.s.t.web.servlet.TestDispatcherServlet  : Initializing Servlet ''
2026-09-19T10:14:14.319+05:30  INFO 34060 --- [spring-boot-crud] [           main] o.s.t.web.servlet.TestDispatcherServlet  : Completed initialization in 1 ms
Hibernate: 
    select
        p1_0.id,
        p1_0.created_at,
        p1_0.description,
        p1_0.name,
        p1_0.price,
        p1_0.quantity,
        p1_0.updated_at 
    from
        products p1_0
]]></system-out>
    <system-err><![CDATA[Mockito is currently self-attaching to enable the inline-mock-maker. This will no longer work in future releases of the JDK. Please add Mockito as an agent to your build as described in Mockito's documentation: https://javadoc.io/doc/org.mockito/mockito-core/latest/org.mockito/org/mockito/Mockito.html#0.3
WARNING: A Java agent has been loaded dynamically (C:\Users\partha.mondal\.m2\repository\net\bytebuddy\byte-buddy-agent\1.17.8\byte-buddy-agent-1.17.8.jar)
WARNING: If a serviceability tool is in use, please run with -XX:+EnableDynamicAgentLoading to hide this warning
WARNING: If a serviceability tool is not in use, please run with -Djdk.instrument.traceUsage for more information
WARNING: Dynamic loading of agents will be disallowed by default in a future release
]]></system-err>
  </testcase>
  <testcase name="updateProduct_returnsOk" classname="com.example.crud.ProductControllerTest" time="0.592">
    <system-out><![CDATA[2026-09-19T10:14:16.037+05:30  INFO 34060 --- [spring-boot-crud] [           main] o.s.b.t.m.w.SpringBootMockServletContext : Initializing Spring TestDispatcherServlet ''
2026-09-19T10:14:16.038+05:30  INFO 34060 --- [spring-boot-crud] [           main] o.s.t.web.servlet.TestDispatcherServlet  : Initializing Servlet ''
2026-09-19T10:14:16.040+05:30  INFO 34060 --- [spring-boot-crud] [           main] o.s.t.web.servlet.TestDispatcherServlet  : Completed initialization in 2 ms
Hibernate: 
    insert 
    into
        products
        (created_at, description, name, price, quantity, updated_at, id) 
    values
        (?, ?, ?, ?, ?, ?, default)
]]></system-out>
  </testcase>
  <testcase name="getProductById_notFound_returns404" classname="com.example.crud.ProductControllerTest" time="0.069">
    <system-out><![CDATA[2026-09-19T10:14:16.637+05:30  INFO 34060 --- [spring-boot-crud] [           main] o.s.b.t.m.w.SpringBootMockServletContext : Initializing Spring TestDispatcherServlet ''
2026-09-19T10:14:16.638+05:30  INFO 34060 --- [spring-boot-crud] [           main] o.s.t.web.servlet.TestDispatcherServlet  : Initializing Servlet ''
2026-09-19T10:14:16.641+05:30  INFO 34060 --- [spring-boot-crud] [           main] o.s.t.web.servlet.TestDispatcherServlet  : Completed initialization in 2 ms
Hibernate: 
    select
        p1_0.id,
        p1_0.created_at,
        p1_0.description,
        p1_0.name,
        p1_0.price,
        p1_0.quantity,
        p1_0.updated_at 
    from
        products p1_0 
    where
        p1_0.id=?
]]></system-out>
  </testcase>
  <testcase name="createProduct_returnsCreated" classname="com.example.crud.ProductControllerTest" time="0.036">
    <system-out><![CDATA[2026-09-19T10:14:16.705+05:30  INFO 34060 --- [spring-boot-crud] [           main] o.s.b.t.m.w.SpringBootMockServletContext : Initializing Spring TestDispatcherServlet ''
2026-09-19T10:14:16.706+05:30  INFO 34060 --- [spring-boot-crud] [           main] o.s.t.web.servlet.TestDispatcherServlet  : Initializing Servlet ''
2026-09-19T10:14:16.708+05:30  INFO 34060 --- [spring-boot-crud] [           main] o.s.t.web.servlet.TestDispatcherServlet  : Completed initialization in 2 ms
Hibernate: 
    insert 
    into
        products
        (created_at, description, name, price, quantity, updated_at, id) 
    values
        (?, ?, ?, ?, ?, ?, default)
]]></system-out>
  </testcase>
  <testcase name="createProduct_invalidBody_returnsBadRequest" classname="com.example.crud.ProductControllerTest" time="0.051">
    <system-out><![CDATA[2026-09-19T10:14:16.751+05:30  INFO 34060 --- [spring-boot-crud] [           main] o.s.b.t.m.w.SpringBootMockServletContext : Initializing Spring TestDispatcherServlet ''
2026-09-19T10:14:16.752+05:30  INFO 34060 --- [spring-boot-crud] [           main] o.s.t.web.servlet.TestDispatcherServlet  : Initializing Servlet ''
2026-09-19T10:14:16.754+05:30  INFO 34060 --- [spring-boot-crud] [           main] o.s.t.web.servlet.TestDispatcherServlet  : Completed initialization in 2 ms
]]></system-out>
  </testcase>
  <testcase name="deleteProduct_returnsNoContent" classname="com.example.crud.ProductControllerTest" time="0.058">
    <system-out><![CDATA[2026-09-19T10:14:16.808+05:30  INFO 34060 --- [spring-boot-crud] [           main] o.s.b.t.m.w.SpringBootMockServletContext : Initializing Spring TestDispatcherServlet ''
2026-09-19T10:14:16.808+05:30  INFO 34060 --- [spring-boot-crud] [           main] o.s.t.web.servlet.TestDispatcherServlet  : Initializing Servlet ''
2026-09-19T10:14:16.811+05:30  INFO 34060 --- [spring-boot-crud] [           main] o.s.t.web.servlet.TestDispatcherServlet  : Completed initialization in 2 ms
Hibernate: 
    insert 
    into
        products
        (created_at, description, name, price, quantity, updated_at, id) 
    values
        (?, ?, ?, ?, ?, ?, default)
]]></system-out>
  </testcase>
</testsuite>